{"/Users/satyampandey/Desktop/Projects/namaste-react/FoodVilla/src/components/Constants.js": {"path":"/Users/satyampandey/Desktop/Projects/namaste-react/FoodVilla/src/components/Constants.js","statementMap":{"0":{"start":{"line":1,"column":20},"end":{"line":1,"column":119}},"1":{"start":{"line":3,"column":27},"end":{"line":3,"column":118}},"2":{"start":{"line":5,"column":29},"end":{"line":1640,"column":1}}},"fnMap":{},"branchMap":{},"s":{"0":1,"1":1,"2":1},"f":{},"b":{},"_coverageSchema":"1a1c01bbd47fc00a2c39e90264f33305004495a9","hash":"d4beacc6ac51d2d81809bef2cde46dc67e63675c"}
,"/Users/satyampandey/Desktop/Projects/namaste-react/FoodVilla/src/components/Header.js": {"path":"/Users/satyampandey/Desktop/Projects/namaste-react/FoodVilla/src/components/Header.js","statementMap":{"0":{"start":{"line":6,"column":15},"end":{"line":46,"column":1}},"1":{"start":{"line":8,"column":38},"end":{"line":8,"column":56}},"2":{"start":{"line":9,"column":40},"end":{"line":9,"column":55}},"3":{"start":{"line":11,"column":4},"end":{"line":15,"column":20}},"4":{"start":{"line":13,"column":8},"end":{"line":13,"column":70}},"5":{"start":{"line":17,"column":4},"end":{"line":45,"column":5}},"6":{"start":{"line":36,"column":99},"end":{"line":36,"column":118}},"7":{"start":{"line":40,"column":101},"end":{"line":40,"column":121}}},"fnMap":{"0":{"name":"(anonymous_0)","decl":{"start":{"line":6,"column":15},"end":{"line":6,"column":16}},"loc":{"start":{"line":6,"column":21},"end":{"line":46,"column":1}},"line":6},"1":{"name":"(anonymous_1)","decl":{"start":{"line":11,"column":14},"end":{"line":11,"column":15}},"loc":{"start":{"line":11,"column":19},"end":{"line":15,"column":5}},"line":11},"2":{"name":"(anonymous_2)","decl":{"start":{"line":36,"column":92},"end":{"line":36,"column":93}},"loc":{"start":{"line":36,"column":98},"end":{"line":36,"column":119}},"line":36},"3":{"name":"(anonymous_3)","decl":{"start":{"line":40,"column":93},"end":{"line":40,"column":94}},"loc":{"start":{"line":40,"column":99},"end":{"line":40,"column":123}},"line":40}},"branchMap":{"0":{"loc":{"start":{"line":13,"column":8},"end":{"line":13,"column":69}},"type":"cond-expr","locations":[{"start":{"line":13,"column":21},"end":{"line":13,"column":44}},{"start":{"line":13,"column":47},"end":{"line":13,"column":69}}],"line":13},"1":{"loc":{"start":{"line":34,"column":16},"end":{"line":42,"column":17}},"type":"cond-expr","locations":[{"start":{"line":35,"column":20},"end":{"line":37,"column":27}},{"start":{"line":39,"column":20},"end":{"line":41,"column":27}}],"line":34}},"s":{"0":1,"1":2,"2":2,"3":2,"4":2,"5":2,"6":0,"7":0},"f":{"0":2,"1":2,"2":0,"3":0},"b":{"0":[0,2],"1":[2,0]},"_coverageSchema":"1a1c01bbd47fc00a2c39e90264f33305004495a9","hash":"71735bc9a5b789acc0a1c9280e9404a92ba2c178"}
,"/Users/satyampandey/Desktop/Projects/namaste-react/FoodVilla/src/components/sum.js": {"path":"/Users/satyampandey/Desktop/Projects/namaste-react/FoodVilla/src/components/sum.js","statementMap":{"0":{"start":{"line":1,"column":19},"end":{"line":3,"column":1}},"1":{"start":{"line":2,"column":4},"end":{"line":2,"column":23}}},"fnMap":{"0":{"name":"(anonymous_0)","decl":{"start":{"line":1,"column":19},"end":{"line":1,"column":20}},"loc":{"start":{"line":1,"column":35},"end":{"line":3,"column":1}},"line":1}},"branchMap":{},"s":{"0":1,"1":2},"f":{"0":2},"b":{},"_coverageSchema":"1a1c01bbd47fc00a2c39e90264f33305004495a9","hash":"29cc894e56f8c6d80bbe2d39772f287ffde824ba"}
}
